# JRE version: OpenJDK Runtime Environment Temurin-17.0.8.1+1 (17.0.8.1+1) (build 17.0.8.1+1)
# Java VM: OpenJDK 64-Bit Server VM Temurin-17.0.8.1+1 (17.0.8.1+1, mixed mode, emulated-client, tiered, compressed oops, compressed class ptrs, g1 gc, windows-amd64)
GC Precious Log:
 CPUs: 16 total, 16 available
 Memory: 7540M
 Large Page Support: Disabled
 NUMA Support: Disabled
 Compressed Oops: Enabled (32-bit)
 Heap Region Size: 1M
 Heap Min Capacity: 8M
 Heap Initial Capacity: 118M
 Heap Max Capacity: 1G
 Pre-touch: Disabled
 Parallel Workers: 13
 Concurrent Workers: 3
 Concurrent Refinement Workers: 13
 Periodic GC: Disabled
Heap:
 garbage-first heap   total 88064K, used 35725K [0x00000000c0000000, 0x0000000100000000)
  region size 1024K, 1 young (1024K), 0 survivors (0K)
 Metaspace       used 56774K, committed 57216K, reserved 1114112K
  class space    used 7274K, committed 7488K, reserved 1048576K
GC Heap History (20 events):
Event: 106038.793 GC heap before
{Heap before GC invocations=4262 (full 4228):
 garbage-first heap   total 88064K, used 35725K [0x00000000c0000000, 0x0000000100000000)
  region size 1024K, 1 young (1024K), 0 survivors (0K)
 Metaspace       used 56774K, committed 57216K, reserved 1114112K
  class space    used 7274K, committed 7488K, reserved 1048576K
}
Event: 106038.825 GC heap after
{Heap after GC invocations=4263 (full 4229):
 garbage-first heap   total 88064K, used 35725K [0x00000000c0000000, 0x0000000100000000)
  region size 1024K, 0 young (0K), 0 survivors (0K)
 Metaspace       used 56774K, committed 57216K, reserved 1114112K
  class space    used 7274K, committed 7488K, reserved 1048576K
}
Event: 106049.090 GC heap before
{Heap before GC invocations=4263 (full 4229):
 garbage-first heap   total 88064K, used 35725K [0x00000000c0000000, 0x0000000100000000)
  region size 1024K, 1 young (1024K), 0 survivors (0K)
 Metaspace       used 56774K, committed 57216K, reserved 1114112K
  class space    used 7274K, committed 7488K, reserved 1048576K
}
Event: 106049.126 GC heap after
{Heap after GC invocations=4264 (full 4230):
 garbage-first heap   total 88064K, used 35725K [0x00000000c0000000, 0x0000000100000000)
  region size 1024K, 0 young (0K), 0 survivors (0K)
 Metaspace       used 56774K, committed 57216K, reserved 1114112K
  class space    used 7274K, committed 7488K, reserved 1048576K
}
Event: 106059.377 GC heap before
{Heap before GC invocations=4264 (full 4230):
 garbage-first heap   total 88064K, used 35725K [0x00000000c0000000, 0x0000000100000000)
  region size 1024K, 1 young (1024K), 0 survivors (0K)
 Metaspace       used 56774K, committed 57216K, reserved 1114112K
  class space    used 7274K, committed 7488K, reserved 1048576K
}
Event: 106059.415 GC heap after
{Heap after GC invocations=4265 (full 4231):
 garbage-first heap   total 88064K, used 35725K [0x00000000c0000000, 0x0000000100000000)
  region size 1024K, 0 young (0K), 0 survivors (0K)
 Metaspace       used 56774K, committed 57216K, reserved 1114112K
  class space    used 7274K, committed 7488K, reserved 1048576K
}
Event: 106069.646 GC heap before
{Heap before GC invocations=4265 (full 4231):
 garbage-first heap   total 88064K, used 35725K [0x00000000c0000000, 0x0000000100000000)
  region size 1024K, 1 young (1024K), 0 survivors (0K)
 Metaspace       used 56774K, committed 57216K, reserved 1114112K
  class space    used 7274K, committed 7488K, reserved 1048576K
}
Event: 106069.676 GC heap after
{Heap after GC invocations=4266 (full 4232):
 garbage-first heap   total 88064K, used 35725K [0x00000000c0000000, 0x0000000100000000)
  region size 1024K, 0 young (0K), 0 survivors (0K)
 Metaspace       used 56774K, committed 57216K, reserved 1114112K
  class space    used 7274K, committed 7488K, reserved 1048576K
}
Event: 106080.009 GC heap before
{Heap before GC invocations=4266 (full 4232):
 garbage-first heap   total 88064K, used 35725K [0x00000000c0000000, 0x0000000100000000)
  region size 1024K, 1 young (1024K), 0 survivors (0K)
 Metaspace       used 56774K, committed 57216K, reserved 1114112K
  class space    used 7274K, committed 7488K, reserved 1048576K
}
Event: 106080.045 GC heap after
{Heap after GC invocations=4267 (full 4233):
 garbage-first heap   total 88064K, used 35725K [0x00000000c0000000, 0x0000000100000000)
  region size 1024K, 0 young (0K), 0 survivors (0K)
 Metaspace       used 56774K, committed 57216K, reserved 1114112K
  class space    used 7274K, committed 7488K, reserved 1048576K
}
Event: 106090.353 GC heap before
{Heap before GC invocations=4267 (full 4233):
 garbage-first heap   total 88064K, used 35725K [0x00000000c0000000, 0x0000000100000000)
  region size 1024K, 1 young (1024K), 0 survivors (0K)
 Metaspace       used 56774K, committed 57216K, reserved 1114112K
  class space    used 7274K, committed 7488K, reserved 1048576K
}
Event: 106090.397 GC heap after
{Heap after GC invocations=4268 (full 4234):
 garbage-first heap   total 88064K, used 35725K [0x00000000c0000000, 0x0000000100000000)
  region size 1024K, 0 young (0K), 0 survivors (0K)
 Metaspace       used 56774K, committed 57216K, reserved 1114112K
  class space    used 7274K, committed 7488K, reserved 1048576K
}
Event: 106100.660 GC heap before
{Heap before GC invocations=4268 (full 4234):
 garbage-first heap   total 88064K, used 35725K [0x00000000c0000000, 0x0000000100000000)
  region size 1024K, 1 young (1024K), 0 survivors (0K)
 Metaspace       used 56774K, committed 57216K, reserved 1114112K
  class space    used 7274K, committed 7488K, reserved 1048576K
}
Event: 106100.691 GC heap after
{Heap after GC invocations=4269 (full 4235):
 garbage-first heap   total 88064K, used 35725K [0x00000000c0000000, 0x0000000100000000)
  region size 1024K, 0 young (0K), 0 survivors (0K)
 Metaspace       used 56774K, committed 57216K, reserved 1114112K
  class space    used 7274K, committed 7488K, reserved 1048576K
}
Event: 106110.959 GC heap before
{Heap before GC invocations=4269 (full 4235):
 garbage-first heap   total 88064K, used 35725K [0x00000000c0000000, 0x0000000100000000)
  region size 1024K, 1 young (1024K), 0 survivors (0K)
 Metaspace       used 56774K, committed 57216K, reserved 1114112K
  class space    used 7274K, committed 7488K, reserved 1048576K
}
Event: 106110.989 GC heap after
{Heap after GC invocations=4270 (full 4236):
 garbage-first heap   total 88064K, used 35725K [0x00000000c0000000, 0x0000000100000000)
  region size 1024K, 0 young (0K), 0 survivors (0K)
 Metaspace       used 56774K, committed 57216K, reserved 1114112K
  class space    used 7274K, committed 7488K, reserved 1048576K
}
Event: 106121.233 GC heap before
{Heap before GC invocations=4270 (full 4236):
 garbage-first heap   total 88064K, used 35725K [0x00000000c0000000, 0x0000000100000000)
  region size 1024K, 1 young (1024K), 0 survivors (0K)
 Metaspace       used 56774K, committed 57216K, reserved 1114112K
  class space    used 7274K, committed 7488K, reserved 1048576K
}
Event: 106121.262 GC heap after
{Heap after GC invocations=4271 (full 4237):
 garbage-first heap   total 88064K, used 35725K [0x00000000c0000000, 0x0000000100000000)
  region size 1024K, 0 young (0K), 0 survivors (0K)
 Metaspace       used 56774K, committed 57216K, reserved 1114112K
  class space    used 7274K, committed 7488K, reserved 1048576K
}
Event: 106131.711 GC heap before
{Heap before GC invocations=4271 (full 4237):
 garbage-first heap   total 88064K, used 35725K [0x00000000c0000000, 0x0000000100000000)
  region size 1024K, 1 young (1024K), 0 survivors (0K)
 Metaspace       used 56774K, committed 57216K, reserved 1114112K
  class space    used 7274K, committed 7488K, reserved 1048576K
}
Event: 106131.773 GC heap after
{Heap after GC invocations=4272 (full 4238):
 garbage-first heap   total 88064K, used 35725K [0x00000000c0000000, 0x0000000100000000)
  region size 1024K, 0 young (0K), 0 survivors (0K)
 Metaspace       used 56774K, committed 57216K, reserved 1114112K
  class space    used 7274K, committed 7488K, reserved 1048576K
}

